# JRE version: OpenJDK Runtime Environment Temurin-11.0.18+10 (11.0.18+10) (build 11.0.18+10)
# Java VM: OpenJDK 64-Bit Server VM Temurin-11.0.18+10 (11.0.18+10, mixed mode, tiered, compressed oops, concurrent mark sweep gc, linux-amd64)
Heap:
 par new generation   total 39296K, used 14474K [0x00000000c0000000, 0x00000000c2aa0000, 0x00000000d5550000)
  eden space 34944K,  30% used [0x00000000c0000000, 0x00000000c0a644d0, 0x00000000c2220000)
  from space 4352K,  88% used [0x00000000c2220000, 0x00000000c25de570, 0x00000000c2660000)
  to   space 4352K,   0% used [0x00000000c2660000, 0x00000000c2660000, 0x00000000c2aa0000)
 concurrent mark-sweep generation total 110292K, used 91467K [0x00000000d5550000, 0x00000000dc105000, 0x0000000100000000)
 Metaspace       used 84824K, capacity 91473K, committed 91608K, reserved 1128448K
  class space    used 9574K, capacity 11770K, committed 11816K, reserved 1048576K
GC Heap History (20 events):
Event: 7.356 GC heap before
{Heap before GC invocations=52 (full 6):
 par new generation   total 39296K, used 35521K [0x00000000c0000000, 0x00000000c2aa0000, 0x00000000d5550000)
  eden space 34944K,  99% used [0x00000000c0000000, 0x00000000c21db220, 0x00000000c2220000)
  from space 4352K,  19% used [0x00000000c2220000, 0x00000000c22f5350, 0x00000000c2660000)
  to   space 4352K,   0% used [0x00000000c2660000, 0x00000000c2660000, 0x00000000c2aa0000)
 concurrent mark-sweep generation total 110100K, used 82660K [0x00000000d5550000, 0x00000000dc0d5000, 0x0000000100000000)
 Metaspace       used 81166K, capacity 87605K, committed 87640K, reserved 1126400K
  class space    used 9030K, capacity 11169K, committed 11176K, reserved 1048576K
}
Event: 7.361 GC heap after
{Heap after GC invocations=53 (full 6):
 par new generation   total 39296K, used 3816K [0x00000000c0000000, 0x00000000c2aa0000, 0x00000000d5550000)
  eden space 34944K,   0% used [0x00000000c0000000, 0x00000000c0000000, 0x00000000c2220000)
  from space 4352K,  87% used [0x00000000c2660000, 0x00000000c2a1a048, 0x00000000c2aa0000)
  to   space 4352K,   0% used [0x00000000c2220000, 0x00000000c2220000, 0x00000000c2660000)
 concurrent mark-sweep generation total 110100K, used 82660K [0x00000000d5550000, 0x00000000dc0d5000, 0x0000000100000000)
 Metaspace       used 81166K, capacity 87605K, committed 87640K, reserved 1126400K
  class space    used 9030K, capacity 11169K, committed 11176K, reserved 1048576K
}
Event: 7.412 GC heap before
{Heap before GC invocations=53 (full 6):
 par new generation   total 39296K, used 38040K [0x00000000c0000000, 0x00000000c2aa0000, 0x00000000d5550000)
  eden space 34944K,  97% used [0x00000000c0000000, 0x00000000c216c170, 0x00000000c2220000)
  from space 4352K,  87% used [0x00000000c2660000, 0x00000000c2a1a048, 0x00000000c2aa0000)
  to   space 4352K,   0% used [0x00000000c2220000, 0x00000000c2220000, 0x00000000c2660000)
 concurrent mark-sweep generation total 110100K, used 82660K [0x00000000d5550000, 0x00000000dc0d5000, 0x0000000100000000)
 Metaspace       used 81904K, capacity 88261K, committed 88536K, reserved 1126400K
  class space    used 9139K, capacity 11256K, committed 11304K, reserved 1048576K
}
Event: 7.414 GC heap after
{Heap after GC invocations=54 (full 6):
 par new generation   total 39296K, used 3209K [0x00000000c0000000, 0x00000000c2aa0000, 0x00000000d5550000)
  eden space 34944K,   0% used [0x00000000c0000000, 0x00000000c0000000, 0x00000000c2220000)
  from space 4352K,  73% used [0x00000000c2220000, 0x00000000c2542498, 0x00000000c2660000)
  to   space 4352K,   0% used [0x00000000c2660000, 0x00000000c2660000, 0x00000000c2aa0000)
 concurrent mark-sweep generation total 110100K, used 84267K [0x00000000d5550000, 0x00000000dc0d5000, 0x0000000100000000)
 Metaspace       used 81904K, capacity 88261K, committed 88536K, reserved 1126400K
  class space    used 9139K, capacity 11256K, committed 11304K, reserved 1048576K
}
Event: 7.472 GC heap before
{Heap before GC invocations=54 (full 6):
 par new generation   total 39296K, used 36473K [0x00000000c0000000, 0x00000000c2aa0000, 0x00000000d5550000)
  eden space 34944K,  95% used [0x00000000c0000000, 0x00000000c207c1a0, 0x00000000c2220000)
  from space 4352K,  73% used [0x00000000c2220000, 0x00000000c2542498, 0x00000000c2660000)
  to   space 4352K,   0% used [0x00000000c2660000, 0x00000000c2660000, 0x00000000c2aa0000)
 concurrent mark-sweep generation total 110100K, used 84267K [0x00000000d5550000, 0x00000000dc0d5000, 0x0000000100000000)
 Metaspace       used 82556K, capacity 88961K, committed 89176K, reserved 1126400K
  class space    used 9243K, capacity 11382K, committed 11432K, reserved 1048576K
}
Event: 7.474 GC heap after
{Heap after GC invocations=55 (full 6):
 par new generation   total 39296K, used 3126K [0x00000000c0000000, 0x00000000c2aa0000, 0x00000000d5550000)
  eden space 34944K,   0% used [0x00000000c0000000, 0x00000000c0000000, 0x00000000c2220000)
  from space 4352K,  71% used [0x00000000c2660000, 0x00000000c296d9f0, 0x00000000c2aa0000)
  to   space 4352K,   0% used [0x00000000c2220000, 0x00000000c2220000, 0x00000000c2660000)
 concurrent mark-sweep generation total 110100K, used 86539K [0x00000000d5550000, 0x00000000dc0d5000, 0x0000000100000000)
 Metaspace       used 82556K, capacity 88961K, committed 89176K, reserved 1126400K
  class space    used 9243K, capacity 11382K, committed 11432K, reserved 1048576K
}
Event: 7.536 GC heap before
{Heap before GC invocations=55 (full 6):
 par new generation   total 39296K, used 38071K [0x00000000c0000000, 0x00000000c2aa0000, 0x00000000d5550000)
  eden space 34944K, 100% used [0x00000000c0000000, 0x00000000c2220000, 0x00000000c2220000)
  from space 4352K,  71% used [0x00000000c2660000, 0x00000000c296df70, 0x00000000c2aa0000)
  to   space 4352K,   0% used [0x00000000c2220000, 0x00000000c2220000, 0x00000000c2660000)
 concurrent mark-sweep generation total 110100K, used 86539K [0x00000000d5550000, 0x00000000dc0d5000, 0x0000000100000000)
 Metaspace       used 82904K, capacity 89459K, committed 89560K, reserved 1128448K
  class space    used 9292K, capacity 11483K, committed 11560K, reserved 1048576K
}
Event: 7.539 GC heap after
{Heap after GC invocations=56 (full 6):
 par new generation   total 39296K, used 3238K [0x00000000c0000000, 0x00000000c2aa0000, 0x00000000d5550000)
  eden space 34944K,   0% used [0x00000000c0000000, 0x00000000c0000000, 0x00000000c2220000)
  from space 4352K,  74% used [0x00000000c2220000, 0x00000000c2549828, 0x00000000c2660000)
  to   space 4352K,   0% used [0x00000000c2660000, 0x00000000c2660000, 0x00000000c2aa0000)
 concurrent mark-sweep generation total 110100K, used 88649K [0x00000000d5550000, 0x00000000dc0d5000, 0x0000000100000000)
 Metaspace       used 82904K, capacity 89459K, committed 89560K, reserved 1128448K
  class space    used 9292K, capacity 11483K, committed 11560K, reserved 1048576K
}
Event: 7.609 GC heap before
{Heap before GC invocations=56 (full 6):
 par new generation   total 39296K, used 37919K [0x00000000c0000000, 0x00000000c2aa0000, 0x00000000d5550000)
  eden space 34944K,  99% used [0x00000000c0000000, 0x00000000c21de6c8, 0x00000000c2220000)
  from space 4352K,  74% used [0x00000000c2220000, 0x00000000c2549828, 0x00000000c2660000)
  to   space 4352K,   0% used [0x00000000c2660000, 0x00000000c2660000, 0x00000000c2aa0000)
 concurrent mark-sweep generation total 110100K, used 88649K [0x00000000d5550000, 0x00000000dc0d5000, 0x0000000100000000)
 Metaspace       used 83338K, capacity 89864K, committed 90200K, reserved 1128448K
  class space    used 9363K, capacity 11553K, committed 11688K, reserved 1048576K
}
Event: 7.610 GC heap after
{Heap after GC invocations=57 (full 6):
 par new generation   total 39296K, used 2459K [0x00000000c0000000, 0x00000000c2aa0000, 0x00000000d5550000)
  eden space 34944K,   0% used [0x00000000c0000000, 0x00000000c0000000, 0x00000000c2220000)
  from space 4352K,  56% used [0x00000000c2660000, 0x00000000c28c6f50, 0x00000000c2aa0000)
  to   space 4352K,   0% used [0x00000000c2220000, 0x00000000c2220000, 0x00000000c2660000)
 concurrent mark-sweep generation total 110100K, used 88806K [0x00000000d5550000, 0x00000000dc0d5000, 0x0000000100000000)
 Metaspace       used 83338K, capacity 89864K, committed 90200K, reserved 1128448K
  class space    used 9363K, capacity 11553K, committed 11688K, reserved 1048576K
}
Event: 7.685 GC heap before
{Heap before GC invocations=57 (full 6):
 par new generation   total 39296K, used 36233K [0x00000000c0000000, 0x00000000c2aa0000, 0x00000000d5550000)
  eden space 34944K,  96% used [0x00000000c0000000, 0x00000000c20fb4b0, 0x00000000c2220000)
  from space 4352K,  56% used [0x00000000c2660000, 0x00000000c28c6f50, 0x00000000c2aa0000)
  to   space 4352K,   0% used [0x00000000c2220000, 0x00000000c2220000, 0x00000000c2660000)
 concurrent mark-sweep generation total 110100K, used 88806K [0x00000000d5550000, 0x00000000dc0d5000, 0x0000000100000000)
 Metaspace       used 84323K, capacity 90862K, committed 91096K, reserved 1128448K
  class space    used 9505K, capacity 11737K, committed 11816K, reserved 1048576K
}
Event: 7.686 GC heap after
{Heap after GC invocations=58 (full 6):
 par new generation   total 39296K, used 2775K [0x00000000c0000000, 0x00000000c2aa0000, 0x00000000d5550000)
  eden space 34944K,   0% used [0x00000000c0000000, 0x00000000c0000000, 0x00000000c2220000)
  from space 4352K,  63% used [0x00000000c2220000, 0x00000000c24d5c60, 0x00000000c2660000)
  to   space 4352K,   0% used [0x00000000c2660000, 0x00000000c2660000, 0x00000000c2aa0000)
 concurrent mark-sweep generation total 110100K, used 89222K [0x00000000d5550000, 0x00000000dc0d5000, 0x0000000100000000)
 Metaspace       used 84323K, capacity 90862K, committed 91096K, reserved 1128448K
  class space    used 9505K, capacity 11737K, committed 11816K, reserved 1048576K
}
Event: 7.750 GC heap before
{Heap before GC invocations=58 (full 6):
 par new generation   total 39296K, used 37710K [0x00000000c0000000, 0x00000000c2aa0000, 0x00000000d5550000)
  eden space 34944K,  99% used [0x00000000c0000000, 0x00000000c221dd38, 0x00000000c2220000)
  from space 4352K,  63% used [0x00000000c2220000, 0x00000000c24d5c60, 0x00000000c2660000)
  to   space 4352K,   0% used [0x00000000c2660000, 0x00000000c2660000, 0x00000000c2aa0000)
 concurrent mark-sweep generation total 110100K, used 89222K [0x00000000d5550000, 0x00000000dc0d5000, 0x0000000100000000)
 Metaspace       used 84334K, capacity 90862K, committed 91096K, reserved 1128448K
  class space    used 9512K, capacity 11737K, committed 11816K, reserved 1048576K
}
Event: 7.751 GC heap after
{Heap after GC invocations=59 (full 6):
 par new generation   total 39296K, used 2619K [0x00000000c0000000, 0x00000000c2aa0000, 0x00000000d5550000)
  eden space 34944K,   0% used [0x00000000c0000000, 0x00000000c0000000, 0x00000000c2220000)
  from space 4352K,  60% used [0x00000000c2660000, 0x00000000c28eec08, 0x00000000c2aa0000)
  to   space 4352K,   0% used [0x00000000c2220000, 0x00000000c2220000, 0x00000000c2660000)
 concurrent mark-sweep generation total 110100K, used 89459K [0x00000000d5550000, 0x00000000dc0d5000, 0x0000000100000000)
 Metaspace       used 84334K, capacity 90862K, committed 91096K, reserved 1128448K
  class space    used 9512K, capacity 11737K, committed 11816K, reserved 1048576K
}
Event: 7.814 GC heap before
{Heap before GC invocations=59 (full 6):
 par new generation   total 39296K, used 37303K [0x00000000c0000000, 0x00000000c2aa0000, 0x00000000d5550000)
  eden space 34944K,  99% used [0x00000000c0000000, 0x00000000c21df350, 0x00000000c2220000)
  from space 4352K,  60% used [0x00000000c2660000, 0x00000000c28eec08, 0x00000000c2aa0000)
  to   space 4352K,   0% used [0x00000000c2220000, 0x00000000c2220000, 0x00000000c2660000)
 concurrent mark-sweep generation total 110100K, used 89459K [0x00000000d5550000, 0x00000000dc0d5000, 0x0000000100000000)
 Metaspace       used 84335K, capacity 90862K, committed 91096K, reserved 1128448K
  class space    used 9512K, capacity 11737K, committed 11816K, reserved 1048576K
}
Event: 7.815 GC heap after
{Heap after GC invocations=60 (full 6):
 par new generation   total 39296K, used 2486K [0x00000000c0000000, 0x00000000c2aa0000, 0x00000000d5550000)
  eden space 34944K,   0% used [0x00000000c0000000, 0x00000000c0000000, 0x00000000c2220000)
  from space 4352K,  57% used [0x00000000c2220000, 0x00000000c248d8c8, 0x00000000c2660000)
  to   space 4352K,   0% used [0x00000000c2660000, 0x00000000c2660000, 0x00000000c2aa0000)
 concurrent mark-sweep generation total 110100K, used 89463K [0x00000000d5550000, 0x00000000dc0d5000, 0x0000000100000000)
 Metaspace       used 84335K, capacity 90862K, committed 91096K, reserved 1128448K
  class space    used 9512K, capacity 11737K, committed 11816K, reserved 1048576K
}
Event: 7.877 GC heap before
{Heap before GC invocations=60 (full 6):
 par new generation   total 39296K, used 37437K [0x00000000c0000000, 0x00000000c2aa0000, 0x00000000d5550000)
  eden space 34944K, 100% used [0x00000000c0000000, 0x00000000c2220000, 0x00000000c2220000)
  from space 4352K,  57% used [0x00000000c2220000, 0x00000000c248f468, 0x00000000c2660000)
  to   space 4352K,   0% used [0x00000000c2660000, 0x00000000c2660000, 0x00000000c2aa0000)
 concurrent mark-sweep generation total 110100K, used 89463K [0x00000000d5550000, 0x00000000dc0d5000, 0x0000000100000000)
 Metaspace       used 84435K, capacity 91006K, committed 91096K, reserved 1128448K
  class space    used 9523K, capacity 11742K, committed 11816K, reserved 1048576K
}
Event: 7.879 GC heap after
{Heap after GC invocations=61 (full 6):
 par new generation   total 39296K, used 2630K [0x00000000c0000000, 0x00000000c2aa0000, 0x00000000d5550000)
  eden space 34944K,   0% used [0x00000000c0000000, 0x00000000c0000000, 0x00000000c2220000)
  from space 4352K,  60% used [0x00000000c2660000, 0x00000000c28f1b18, 0x00000000c2aa0000)
  to   space 4352K,   0% used [0x00000000c2220000, 0x00000000c2220000, 0x00000000c2660000)
 concurrent mark-sweep generation total 110100K, used 91290K [0x00000000d5550000, 0x00000000dc0d5000, 0x0000000100000000)
 Metaspace       used 84435K, capacity 91006K, committed 91096K, reserved 1128448K
  class space    used 9523K, capacity 11742K, committed 11816K, reserved 1048576K
}
Event: 7.928 GC heap before
{Heap before GC invocations=61 (full 6):
 par new generation   total 39296K, used 36056K [0x00000000c0000000, 0x00000000c2aa0000, 0x00000000d5550000)
  eden space 34944K,  95% used [0x00000000c0000000, 0x00000000c20a4568, 0x00000000c2220000)
  from space 4352K,  60% used [0x00000000c2660000, 0x00000000c28f1b18, 0x00000000c2aa0000)
  to   space 4352K,   0% used [0x00000000c2220000, 0x00000000c2220000, 0x00000000c2660000)
 concurrent mark-sweep generation total 110100K, used 91290K [0x00000000d5550000, 0x00000000dc0d5000, 0x0000000100000000)
 Metaspace       used 84822K, capacity 91473K, committed 91608K, reserved 1128448K
  class space    used 9574K, capacity 11770K, committed 11816K, reserved 1048576K
}
Event: 7.930 GC heap after
{Heap after GC invocations=62 (full 6):
 par new generation   total 39296K, used 3833K [0x00000000c0000000, 0x00000000c2aa0000, 0x00000000d5550000)
  eden space 34944K,   0% used [0x00000000c0000000, 0x00000000c0000000, 0x00000000c2220000)
  from space 4352K,  88% used [0x00000000c2220000, 0x00000000c25de570, 0x00000000c2660000)
  to   space 4352K,   0% used [0x00000000c2660000, 0x00000000c2660000, 0x00000000c2aa0000)
 concurrent mark-sweep generation total 110292K, used 91467K [0x00000000d5550000, 0x00000000dc105000, 0x0000000100000000)
 Metaspace       used 84822K, capacity 91473K, committed 91608K, reserved 1128448K
  class space    used 9574K, capacity 11770K, committed 11816K, reserved 1048576K
}

